<?xml version="1.0" encoding="UTF-8"?>
<testng-results skipped="0" failed="0" ignored="0" total="1" passed="1">
  <reporter-output>
  </reporter-output>
  <suite name="Default suite" duration-ms="20836" started-at="2019-03-14T05:17:13Z" finished-at="2019-03-14T05:17:34Z">
    <groups>
    </groups>
    <test name="Default test" duration-ms="20836" started-at="2019-03-14T05:17:13Z" finished-at="2019-03-14T05:17:34Z">
      <class name="day9.Executekeywords">
        <test-method status="PASS" signature="beforeTest()[pri:0, instance:day9.Executekeywords@7f9a81e8]" name="beforeTest" is-config="true" duration-ms="4053" started-at="2019-03-14T10:47:13Z" finished-at="2019-03-14T10:47:17Z">
          <reporter-output>
          </reporter-output>
        </test-method> <!-- beforeTest -->
        <test-method status="PASS" signature="f()[pri:0, instance:day9.Executekeywords@7f9a81e8]" name="f" duration-ms="15153" started-at="2019-03-14T10:47:17Z" finished-at="2019-03-14T10:47:33Z">
          <reporter-output>
          </reporter-output>
        </test-method> <!-- f -->
        <test-method status="PASS" signature="afterTest()[pri:0, instance:day9.Executekeywords@7f9a81e8]" name="afterTest" is-config="true" duration-ms="1630" started-at="2019-03-14T10:47:33Z" finished-at="2019-03-14T10:47:34Z">
          <reporter-output>
          </reporter-output>
        </test-method> <!-- afterTest -->
      </class> <!-- day9.Executekeywords -->
    </test> <!-- Default test -->
  </suite> <!-- Default suite -->
</testng-results>
